6/20/2025, 16:30:26 - Log File Created - APBS Version: 1.8.2
6/20/2025, 16:35:12 - [APBS Bot]----------------------------------------------Bot spawned from cache-----------------------------------------------------
6/20/2025, 16:35:12 - | Tier: 1 | Role: pmcUSEC | Nickname: notGreg | Level: 1 | Difficulty: normal | GameVersion: standard
6/20/2025, 16:35:12 - | Primary: Benelli M3 Super 90 12ga dual-mode shotgun | Primary Caliber: 12/70 8.5mm Magnum buckshot | Melee: 6Kh5 Bayonet
6/20/2025, 16:35:12 - | Helmet: UNTAR helmet | Ears: GSSh-01 active headset | Armour/Rig: 6B5-16 Zh-86 Uley armored rig (Khaki)  
6/20/2025, 16:35:12 - [APBS Bot]----------------------------------------------Bot spawned from cache-----------------------------------------------------
6/20/2025, 16:35:12 - | Tier: 1 | Role: pmcUSEC | Nickname: DrakiaXYZ | Level: 1 | Difficulty: normal | GameVersion: unheard_edition
6/20/2025, 16:35:12 - | Primary: HK UMP .45 ACP submachine gun | Primary Caliber: .45 ACP Lasermatch FMJ | Melee: ER FULCRUM BAYONET
6/20/2025, 16:35:12 - | Ears: Peltor ComTac II headset (OD Green) | Armour/Rig: Stich Profi Plate Carrier V2 (Black) | Plates: Front [3] Back [4]
6/20/2025, 16:35:12 - [APBS Bot]----------------------------------------------Bot spawned from cache-----------------------------------------------------
6/20/2025, 16:35:12 - | Tier: 1 | Role: pmcUSEC | Nickname: Floppa | Level: 1 | Difficulty: normal | GameVersion: edge_of_darkness | Grenades: 1
6/20/2025, 16:35:12 - | Primary: Mossberg 590A1 12ga pump-action shotgun | Primary Caliber: 12/70 Dual Sabot slug | Melee: 6Kh5 Bayonet
6/20/2025, 16:35:12 - | Helmet: 6B47 Ratnik-BSh helmet (EMR cover) | Ears: GSSh-01 active headset | Armour/Rig: MF-UNTAR body armor  
6/20/2025, 16:35:12 - [APBS Bot]----------------------------------------------Bot spawned from cache-----------------------------------------------------
6/20/2025, 16:35:12 - | Tier: 1 | Role: pmcUSEC | Nickname: All_Heil_Lord_Pepe | Level: 4 | Difficulty: normal | GameVersion: edge_of_darkness
6/20/2025, 16:35:12 - | Primary: Mossberg 590A1 12ga pump-action shotgun | Primary Caliber: 12/70 8.5mm Magnum buckshot | Melee: Kiba Arms Tactical Tomahawk
6/20/2025, 16:35:12 - | Helmet: 6B47 Ratnik-BSh helmet (Olive Drab) | Ears: Peltor Tactical Sport headset | Armour/Rig: WARTECH TV-115 plate carrier (Olive Drab) | Plates: Front [3]
6/20/2025, 16:35:12 - [APBS Bot]----------------------------------------------Bot spawned from cache-----------------------------------------------------
6/20/2025, 16:35:12 - | Tier: 1 | Role: pmcUSEC | Nickname: Plaguey | Level: 6 | Difficulty: normal | GameVersion: edge_of_darkness
6/20/2025, 16:35:12 - | Primary: HK MP7A1 4.6x30 submachine gun | Primary Caliber: 4.6x30mm Subsonic SX | Melee: United Cutlery M48 Tactical Kukri
6/20/2025, 16:35:12 - | Helmet: 6B47 Ratnik-BSh helmet (EMR Arctic cover) | Ears: GSSh-01 active headset | Armour/Rig: Crye Precision AVS plate carrier (Ranger Green) | Plates: Back [3]
6/20/2025, 16:35:12 - [APBS Bot]----------------------------------------------Bot spawned from cache-----------------------------------------------------
6/20/2025, 16:35:12 - | Tier: 1 | Role: pmcUSEC | Nickname: Agnotology | Level: 3 | Difficulty: normal | GameVersion: unheard_edition
6/20/2025, 16:35:12 - | Primary: HK MP5 9x19 submachine gun (Navy 3 Round Burst) | Primary Caliber: 9x19mm Luger CCI | Melee: 6Kh5 Bayonet
6/20/2025, 16:35:12 - | Helmet: 6B47 Ratnik-BSh helmet (EMR cover) | Ears: Peltor Tactical Sport headset | Armour/Rig: Interceptor OTV body armor (UCP) | Plates: Front [3] Back [3]
6/20/2025, 16:35:12 - [APBS Bot]----------------------------------------------Bot spawned from cache-----------------------------------------------------
6/20/2025, 16:35:12 - | Tier: 1 | Role: pmcUSEC | Nickname: Leonana69 | Level: 1 | Difficulty: normal | GameVersion: prepare_for_escape
6/20/2025, 16:35:12 - | Primary: Mossberg 590A1 12ga pump-action shotgun | Primary Caliber: 12/70 Poleva-3 slug | Melee: 6Kh5 Bayonet
6/20/2025, 16:35:12 - | Ears: Peltor ComTac II headset (OD Green) | Armour/Rig: Stich Profi Plate Carrier V2 (Black)  
6/20/2025, 16:35:12 - [APBS Bot]----------------------------------------------Bot spawned from cache-----------------------------------------------------
6/20/2025, 16:35:12 - | Tier: 1 | Role: pmcUSEC | Nickname: Drill | Level: 3 | Difficulty: normal | GameVersion: edge_of_darkness
6/20/2025, 16:35:12 - | Primary: HK UMP .45 ACP submachine gun | Primary Caliber: .45 ACP Lasermatch FMJ | Melee: ER FULCRUM BAYONET
6/20/2025, 16:35:12 - | Helmet: 6B47 Ratnik-BSh helmet (EMR cover) | Ears: MSA Sordin Supreme PRO-X/L headset | Armour/Rig: Stich Profi Plate Carrier V2 (Black) | Plates: Front [3] Back [3]
6/20/2025, 16:35:12 - [APBS Bot]----------------------------------------------Bot spawned from cache-----------------------------------------------------
6/20/2025, 16:35:12 - | Tier: 1 | Role: pmcUSEC | Nickname: Life | Level: 6 | Difficulty: normal | GameVersion: left_behind
6/20/2025, 16:35:12 - | Primary: HK MP5K 9x19 submachine gun | Primary Caliber: 9x19mm FMJ M882 | Secondary: ADAR 2-15 5.56x45 carbine | Secondary Caliber: 5.56x45mm MK 255 Mod 0 (RRLP) | Melee: ER FULCRUM BAYONET
6/20/2025, 16:35:12 - | Helmet: SSh-68 steel helmet (Olive Drab) | Armour/Rig: Crye Precision AVS plate carrier (Ranger Green)  
6/20/2025, 16:35:12 - [APBS Bot]----------------------------------------------Bot spawned from cache-----------------------------------------------------
6/20/2025, 16:35:12 - | Tier: 1 | Role: pmcUSEC | Nickname: jfetko | Level: 6 | Difficulty: normal | GameVersion: unheard_edition | Grenades: 1
6/20/2025, 16:35:12 - | Primary: HK MP5 9x19 submachine gun (Navy 3 Round Burst) | Primary Caliber: 9x19mm RIP | Melee: Kiba Arms Tactical Tomahawk
6/20/2025, 16:35:12 - | Helmet: Tac-Kek FAST MT helmet (Replica) | Ears: MSA Sordin Supreme PRO-X/L headset | Armour/Rig: 6B3TM-01 armored rig (Khaki)  
6/20/2025, 16:35:12 - [APBS Bot]----------------------------------------------Bot spawned from cache-----------------------------------------------------
6/20/2025, 16:35:12 - | Tier: 1 | Role: pmcUSEC | Nickname: redlaser42 | Level: 5 | Difficulty: normal | GameVersion: left_behind
6/20/2025, 16:35:12 - | Primary: HK MP5K 9x19 submachine gun | Primary Caliber: 9x19mm Pst gzh | Melee: Bars A-2607 Damascus knife
6/20/2025, 16:35:12 - | Helmet: UNTAR helmet | Ears: Peltor Tactical Sport headset | Armour/Rig: Stich Profi Plate Carrier V2 (Black) | Plates: Front [3]
6/20/2025, 16:35:12 - [APBS Bot]----------------------------------------------Bot spawned from cache-----------------------------------------------------
6/20/2025, 16:35:12 - | Tier: 1 | Role: pmcUSEC | Nickname: Maxwell the cat | Level: 5 | Difficulty: normal | GameVersion: unheard_edition
6/20/2025, 16:35:12 - | Primary: Remington Model 870 12ga pump-action shotgun | Primary Caliber: 12/70 FTX Custom Lite slug | Melee: 6Kh5 Bayonet
6/20/2025, 16:35:12 - | Helmet: UNTAR helmet | Armour/Rig: Interceptor OTV body armor (UCP) | Plates: Front [3]
6/20/2025, 16:35:12 - [APBS Bot]----------------------------------------------Bot spawned from cache-----------------------------------------------------
6/20/2025, 16:35:12 - | Tier: 1 | Role: pmcUSEC | Nickname: Junko Space Mommy | Level: 3 | Difficulty: normal | GameVersion: unheard_edition
6/20/2025, 16:35:12 - | Primary: ADAR 2-15 5.56x45 carbine | Primary Caliber: 5.56x45mm MK 255 Mod 0 (RRLP) | Melee: United Cutlery M48 Tactical Kukri
6/20/2025, 16:35:12 - | Helmet: 6B47 Ratnik-BSh helmet (EMR Arctic cover) | Ears: Peltor Tactical Sport headset | Armour/Rig: 6B5-15 Zh-86 Uley armored rig (Flora)  
6/20/2025, 16:35:12 - [APBS Bot]----------------------------------------------Bot spawned from cache-----------------------------------------------------
6/20/2025, 16:35:12 - | Tier: 1 | Role: pmcUSEC | Nickname: snapple | Level: 2 | Difficulty: normal | GameVersion: unheard_edition
6/20/2025, 16:35:12 - | Primary: HK MP5K 9x19 submachine gun | Primary Caliber: 9x19mm Luger CCI | Melee: Bars A-2607 95Kh18 knife
6/20/2025, 16:35:12 - | Helmet: UNTAR helmet | Armour/Rig: NPP KlASS Kora-Kulon body armor (EMR)  
6/20/2025, 16:35:12 - [APBS Bot]----------------------------------------------Bot spawned from cache-----------------------------------------------------
6/20/2025, 16:35:12 - | Tier: 1 | Role: pmcBEAR | Nickname: CheekiBreeki | Level: 6 | Difficulty: normal | GameVersion: edge_of_darkness
6/20/2025, 16:35:12 - | Primary: Kalashnikov AK-74N 5.45x39 assault rifle | Primary Caliber: 5.45x39mm PS gs | Melee: Bars A-2607 Damascus knife
6/20/2025, 16:35:12 - | Helmet: 6B47 Ratnik-BSh helmet (EMR Arctic cover) | Armour/Rig: 6B3TM-01 armored rig (Khaki)  
6/20/2025, 16:35:12 - [APBS Bot]----------------------------------------------Bot spawned from cache-----------------------------------------------------
6/20/2025, 16:35:12 - | Tier: 1 | Role: pmcBEAR | Nickname: Jeo | Level: 2 | Difficulty: normal | GameVersion: standard
6/20/2025, 16:35:12 - | Primary: Kalashnikov AK-74 5.45x39 assault rifle | Primary Caliber: 5.45x39mm T gs | Melee: ER FULCRUM BAYONET
6/20/2025, 16:35:12 - | Armour/Rig: Interceptor OTV body armor (UCP) | Plates: Front [3]
6/20/2025, 16:35:12 - [APBS Bot]----------------------------------------------Bot spawned from cache-----------------------------------------------------
6/20/2025, 16:35:12 - | Tier: 1 | Role: pmcBEAR | Nickname: theStraxus | Level: 5 | Difficulty: normal | GameVersion: left_behind
6/20/2025, 16:35:12 - | Primary: PP-9 Klin 9x18PMM submachine gun | Primary Caliber: 9x18mm PM SP7 gzh | Holster: Makarov PM 9x18PM pistol | Holster Caliber: 9x18mm PM PS gs PPO | Melee: 6Kh5 Bayonet
6/20/2025, 16:35:12 - | Helmet: LShZ lightweight helmet (Olive Drab) | Ears: GSSh-01 active headset | Armour/Rig: NPP KlASS Kora-Kulon body armor (EMR)  
6/20/2025, 16:35:12 - [APBS Bot]----------------------------------------------Bot spawned from cache-----------------------------------------------------
6/20/2025, 16:35:12 - | Tier: 1 | Role: pmcBEAR | Nickname: Dirtbikercj | Level: 2 | Difficulty: normal | GameVersion: unheard_edition
6/20/2025, 16:35:12 - | Primary: Soyuz-TM STM-9 Gen.2 9x19 carbine | Primary Caliber: 9x19mm QuakeMaker | Melee: United Cutlery M48 Tactical Kukri
6/20/2025, 16:35:12 - | Helmet: 6B47 Ratnik-BSh helmet (Olive Drab) | Ears: MSA Sordin Supreme PRO-X/L headset | Armour/Rig: BNTI Kirasa-N body armor | Plates: Front [3]
6/20/2025, 16:35:12 - [APBS Bot]----------------------------------------------Bot spawned from cache-----------------------------------------------------
6/20/2025, 16:35:12 - | Tier: 1 | Role: pmcBEAR | Nickname: CharlieMike_EFT | Level: 1 | Difficulty: normal | GameVersion: edge_of_darkness | Grenades: 1
6/20/2025, 16:35:12 - | Primary: PP-19-01 Vityaz 9x19 submachine gun | Primary Caliber: 9x19mm Pst gzh | Melee: ER FULCRUM BAYONET
6/20/2025, 16:35:12 - | Helmet: 6B47 Ratnik-BSh helmet (EMR Arctic cover) | Ears: MSA Sordin Supreme PRO-X/L headset | Armour/Rig: WARTECH TV-115 plate carrier (Olive Drab) | Plates: Front [4]
6/20/2025, 16:35:12 - [APBS Bot]----------------------------------------------Bot spawned from cache-----------------------------------------------------
6/20/2025, 16:35:12 - | Tier: 1 | Role: pmcBEAR | Nickname: Kilgor616 | Level: 6 | Difficulty: normal | GameVersion: edge_of_darkness
6/20/2025, 16:35:12 - | Primary: Kalashnikov AKS-74 5.45x39 assault rifle | Primary Caliber: 5.45x39mm PS gs | Melee: MPL-50 entrenching tool
6/20/2025, 16:35:12 - | Helmet: SSh-68 steel helmet (Olive Drab) | Armour/Rig: 6B5-15 Zh-86 Uley armored rig (Flora)  
6/20/2025, 16:35:12 - [APBS Bot]----------------------------------------------Bot spawned from cache-----------------------------------------------------
6/20/2025, 16:35:12 - | Tier: 1 | Role: pmcBEAR | Nickname: Skeeze | Level: 5 | Difficulty: normal | GameVersion: standard
6/20/2025, 16:35:12 - | Primary: MP-43-1C 12ga double-barrel shotgun | Melee: Bars A-2607 95Kh18 knife
6/20/2025, 16:35:12 - | Helmet: 6B47 Ratnik-BSh helmet (Olive Drab) | Ears: Peltor Tactical Sport headset | Armour/Rig: 6B3TM-01 armored rig (Khaki)  
6/20/2025, 16:35:12 - [APBS Bot]----------------------------------------------Bot spawned from cache-----------------------------------------------------
6/20/2025, 16:35:12 - | Tier: 1 | Role: pmcBEAR | Nickname: scrob | Level: 3 | Difficulty: normal | GameVersion: left_behind
6/20/2025, 16:35:12 - | Primary: Saiga-12K ver.10 12ga semi-automatic shotgun | Primary Caliber: 12/70 FTX Custom Lite slug | Melee: ER FULCRUM BAYONET
6/20/2025, 16:35:12 - | Armour/Rig: 6B3TM-01 armored rig (Khaki)  
6/20/2025, 16:35:12 - [APBS Bot]----------------------------------------------Bot spawned from cache-----------------------------------------------------
6/20/2025, 16:35:12 - | Tier: 1 | Role: pmcBEAR | Nickname: kikirio | Level: 2 | Difficulty: normal | GameVersion: edge_of_darkness
6/20/2025, 16:35:12 - | Primary: MP-133 12ga pump-action shotgun | Primary Caliber: 12/70 Poleva-6u slug | Melee: Bars A-2607 Damascus knife
6/20/2025, 16:35:12 - | Ears: MSA Sordin Supreme PRO-X/L headset | Armour/Rig: 6B5-15 Zh-86 Uley armored rig (Flora)  
6/20/2025, 16:35:12 - [APBS Bot]----------------------------------------------Bot spawned from cache-----------------------------------------------------
6/20/2025, 16:35:12 - | Tier: 1 | Role: pmcBEAR | Nickname: MrFandor1n | Level: 3 | Difficulty: normal | GameVersion: edge_of_darkness | Grenades: 1
6/20/2025, 16:35:12 - | Primary: Kalashnikov AK-74N 5.45x39 assault rifle | Primary Caliber: 5.45x39mm PS gs | Melee: ER FULCRUM BAYONET
6/20/2025, 16:35:12 - | Helmet: 6B47 Ratnik-BSh helmet (Olive Drab) | Armour/Rig: Eagle Allied Industries MBSS plate carrier (Coyote Brown)  
6/20/2025, 16:35:12 - [APBS Bot]----------------------------------------------Bot spawned from cache-----------------------------------------------------
6/20/2025, 16:35:12 - | Tier: 1 | Role: pmcBEAR | Nickname: Queen-Goddess | Level: 2 | Difficulty: normal | GameVersion: standard
6/20/2025, 16:35:12 - | Primary: Kalashnikov AK-74N 5.45x39 assault rifle | Primary Caliber: 5.45x39mm PS gs | Melee: 6Kh5 Bayonet
6/20/2025, 16:35:12 - | Armour/Rig: MF-UNTAR body armor  
6/20/2025, 16:35:12 - [APBS Bot]----------------------------------------------Bot spawned from cache-----------------------------------------------------
6/20/2025, 16:35:12 - | Tier: 1 | Role: pmcBEAR | Nickname: Claus1978 | Level: 2 | Difficulty: normal | GameVersion: unheard_edition
6/20/2025, 16:35:12 - | Primary: Kalashnikov AK-74 5.45x39 assault rifle | Primary Caliber: 5.45x39mm PS gs | Melee: Bars A-2607 Damascus knife
6/20/2025, 16:35:12 - | Helmet: 6B47 Ratnik-BSh helmet (EMR cover) | Ears: MSA Sordin Supreme PRO-X/L headset | Armour/Rig: BNTI Zhuk body armor (Press) | Plates: Front [3] Back [3]
6/20/2025, 16:35:12 - [APBS Bot]----------------------------------------------Bot spawned from cache-----------------------------------------------------
6/20/2025, 16:35:12 - | Tier: 1 | Role: pmcBEAR | Nickname: Paulov | Level: 2 | Difficulty: normal | GameVersion: prepare_for_escape
6/20/2025, 16:35:12 - | Primary: PP-9 Klin 9x18PMM submachine gun | Primary Caliber: 9x18mm PM SP8 gzh | Secondary: Molot Arms Simonov OP-SKS 7.62x39 carbine | Secondary Caliber: 7.62x39mm T-45M1 gzh | Melee: Kiba Arms Tactical Tomahawk
6/20/2025, 16:35:12 - | Ears: Peltor Tactical Sport headset | Armour/Rig: 6B5-16 Zh-86 Uley armored rig (Khaki)  
6/20/2025, 16:35:12 - [APBS Bot]----------------------------------------------Bot spawned from cache-----------------------------------------------------
6/20/2025, 16:35:12 - | Tier: 1 | Role: pmcBEAR | Nickname: Jiro | Level: 3 | Difficulty: normal | GameVersion: unheard_edition
6/20/2025, 16:35:12 - | Primary: SAG AK-545 Short 5.45x39 carbine | Primary Caliber: 5.45x39mm PRS gs | Melee: 6Kh5 Bayonet
6/20/2025, 16:35:12 - | Helmet: UNTAR helmet | Ears: Peltor ComTac II headset (OD Green) | Armour/Rig: 6B3TM-01 armored rig (Khaki)  
6/20/2025, 16:35:12 - [APBS Bot]----------------------------------------------Bot spawned from cache-----------------------------------------------------
6/20/2025, 16:35:12 - | Tier: 1 | Role: pmcBEAR | Nickname: MadDutch | Level: 1 | Difficulty: normal | GameVersion: standard | Grenades: 1
6/20/2025, 16:35:12 - | Primary: Kalashnikov AKS-74 5.45x39 assault rifle | Primary Caliber: 5.45x39mm FMJ | Melee: 6Kh5 Bayonet
6/20/2025, 16:35:12 - | Helmet: FORT Kiver-M bulletproof helmet | Armour/Rig: 6B3TM-01 armored rig (Khaki)  
