6/20/2025, 16:30:26 - Log File Created - APBS Version: 1.8.2
6/20/2025, 16:35:12 - [APBS Bot]----------------------------------------------Bot spawned from cache-----------------------------------------------------
6/20/2025, 16:35:12 - | Tier: 1 | Role: marksman | Nickname: Русик Ненаркоторговец | Level: 5 | Difficulty: easy
6/20/2025, 16:35:12 - | Primary: Molot Arms VPO-215 Gornostay .366 TKM bolt-action rifle | Primary Caliber: .366 TKM FMJ | Melee: ER FULCRUM BAYONET
6/20/2025, 16:35:12 - | Armour/Rig: 6B5-16 Zh-86 Uley armored rig (Khaki)  
6/20/2025, 16:35:12 - [APBS Bot]----------------------------------------------Bot spawned from cache-----------------------------------------------------
6/20/2025, 16:35:12 - | Tier: 1 | Role: marksman | Nickname: Лёва Мятый | Level: 1 | Difficulty: easy
6/20/2025, 16:35:12 - | Primary: ADAR 2-15 5.56x45 carbine | Primary Caliber: 5.56x45mm FMJ | Melee: ER FULCRUM BAYONET
6/20/2025, 16:35:12 - | Helmet: BEAR baseball cap (Black) | Armour/Rig: DRD body armor  
6/20/2025, 16:35:12 - [APBS Bot]----------------------------------------------Bot spawned from cache-----------------------------------------------------
6/20/2025, 16:35:12 - | Tier: 1 | Role: marksman | Nickname: Вадик Пышный | Level: 1 | Difficulty: easy
6/20/2025, 16:35:12 - | Primary: Tokarev AVT-40 7.62x54R automatic rifle | Primary Caliber: 7.62x54mm R LPS gzh | Melee: MPL-50 entrenching tool
6/20/2025, 16:35:12 - | Helmet: Army cap | Armour/Rig: 6B5-16 Zh-86 Uley armored rig (Khaki)  
6/20/2025, 16:35:12 - [APBS Bot]----------------------------------------------Bot spawned from cache-----------------------------------------------------
6/20/2025, 16:35:12 - | Tier: 1 | Role: marksman | Nickname: Гена Пупкин | Level: 5 | Difficulty: easy
6/20/2025, 16:35:12 - | Primary: Molot Arms VPO-101 Vepr-Hunter 7.62x51 carbine | Primary Caliber: 7.62x51mm BCP FMJ | Melee: Bars A-2607 95Kh18 knife
6/20/2025, 16:35:12 - | Helmet: Tac-Kek FAST MT helmet (Replica) | Ears: MSA Sordin Supreme PRO-X/L headset | Armour/Rig: 6B5-15 Zh-86 Uley armored rig (Flora)  
6/20/2025, 16:35:12 - [APBS Bot]----------------------------------------------Bot spawned from cache-----------------------------------------------------
6/20/2025, 16:35:12 - | Tier: 1 | Role: marksman | Nickname: Женя Небоскрёб | Level: 3 | Difficulty: easy | Grenades: 1
6/20/2025, 16:35:12 - | Primary: Molot Arms Simonov OP-SKS 7.62x39 carbine | Primary Caliber: 7.62x39mm T-45M1 gzh | Melee: Bars A-2607 95Kh18 knife
6/20/2025, 16:35:12 - | Helmet: Army cap (UCP) | Armour/Rig: 6B3TM-01 armored rig (Khaki)  
6/20/2025, 16:35:12 - [APBS Bot]----------------------------------------------Bot spawned from cache-----------------------------------------------------
6/20/2025, 16:35:12 - | Tier: 1 | Role: marksman | Nickname: Фаддей Хозяин | Level: 2 | Difficulty: easy
6/20/2025, 16:35:12 - | Primary: SVDS 7.62x54R sniper rifle | Primary Caliber: 7.62x54mm R SP BT | Melee: Bars A-2607 95Kh18 knife
6/20/2025, 16:35:12 - | Helmet: UNTAR helmet | Armour/Rig: 6B5-16 Zh-86 Uley armored rig (Khaki)  
6/20/2025, 16:35:12 - [APBS Bot]----------------------------------------------Bot spawned from cache-----------------------------------------------------
6/20/2025, 16:35:12 - | Tier: 1 | Role: marksman | Nickname: Джонни Борода | Level: 1 | Difficulty: easy
6/20/2025, 16:35:12 - | Primary: Mosin 7.62x54R bolt-action rifle (Sniper) | Primary Caliber: 7.62x54mm R SP BT | Melee: Bars A-2607 Damascus knife
6/20/2025, 16:35:12 - | Helmet: BEAR baseball cap (Black) | Armour/Rig: 6B13 assault armor (EMR)  
6/20/2025, 16:35:12 - [APBS Bot]----------------------------------------------Bot spawned from cache-----------------------------------------------------
6/20/2025, 16:35:12 - | Tier: 1 | Role: marksman | Nickname: Петр Таксист | Level: 3 | Difficulty: easy
6/20/2025, 16:35:12 - | Primary: Molot Arms Simonov OP-SKS 7.62x39 carbine | Primary Caliber: 7.62x39mm US gzh | Melee: Bars A-2607 Damascus knife
6/20/2025, 16:35:12 - | Helmet: Stich Profi Chimera boonie hat | Armour/Rig: BNTI Module-3M body armor  
6/20/2025, 16:35:12 - [APBS Bot]----------------------------------------------Bot spawned from cache-----------------------------------------------------
6/20/2025, 16:35:12 - | Tier: 1 | Role: marksman | Nickname: Филат Субстанс | Level: 2 | Difficulty: easy | Grenades: 1
6/20/2025, 16:35:12 - | Primary: Remington Model 700 7.62x51 bolt-action sniper rifle | Primary Caliber: 7.62x51mm TCW SP | Melee: Antique axe
6/20/2025, 16:35:12 - | Helmet: Army cap (Flora) | Armour/Rig: 6B3TM-01 armored rig (Khaki)  
6/20/2025, 16:35:12 - [APBS Bot]----------------------------------------------Bot spawned from cache-----------------------------------------------------
6/20/2025, 16:35:12 - | Tier: 1 | Role: marksman | Nickname: Леня Татарин | Level: 6 | Difficulty: easy
6/20/2025, 16:35:12 - | Primary: Remington Model 700 7.62x51 bolt-action sniper rifle | Primary Caliber: 7.62x51mm BCP FMJ | Melee: Bars A-2607 95Kh18 knife
6/20/2025, 16:35:12 - | Ears: GSSh-01 active headset | Armour/Rig: 6B3TM-01 armored rig (Khaki)  
6/20/2025, 16:35:12 - [APBS Bot]----------------------------------------------Bot spawned from cache-----------------------------------------------------
6/20/2025, 16:35:12 - | Tier: 1 | Role: marksman | Nickname: Степа Щупач | Level: 2 | Difficulty: easy
6/20/2025, 16:35:12 - | Primary: Molot Arms VPO-101 Vepr-Hunter 7.62x51 carbine | Primary Caliber: 7.62x51mm TCW SP | Melee: 6Kh5 Bayonet
6/20/2025, 16:35:12 - | Armour/Rig: 6B5-15 Zh-86 Uley armored rig (Flora)  
6/20/2025, 16:35:12 - [APBS Bot]----------------------------------------------Bot spawned from cache-----------------------------------------------------
6/20/2025, 16:35:12 - | Tier: 1 | Role: marksman | Nickname: Агафон Седло | Level: 2 | Difficulty: easy
6/20/2025, 16:35:12 - | Primary: Tokarev AVT-40 7.62x54R automatic rifle | Primary Caliber: 7.62x54mm R T-46M gzh | Melee: ER FULCRUM BAYONET
6/20/2025, 16:35:12 - | Armour/Rig: BNTI Module-3M body armor  
6/20/2025, 16:35:12 - [APBS Bot]----------------------------------------------Bot spawned from cache-----------------------------------------------------
6/20/2025, 16:35:12 - | Tier: 1 | Role: marksman | Nickname: Федот Серый | Level: 1 | Difficulty: easy | Grenades: 1
6/20/2025, 16:35:12 - | Primary: Tokarev SVT-40 7.62x54R rifle | Primary Caliber: 7.62x54mm R HP BT | Melee: ER FULCRUM BAYONET
6/20/2025, 16:35:12 - | Helmet: Rivals 2020 beanie | Armour/Rig: 6B3TM-01 armored rig (Khaki)  
6/20/2025, 16:35:12 - [APBS Bot]----------------------------------------------Bot spawned from cache-----------------------------------------------------
6/20/2025, 16:35:12 - | Tier: 1 | Role: marksman | Nickname: Игорь Корявый | Level: 1 | Difficulty: easy | Grenades: 1
6/20/2025, 16:35:12 - | Primary: Tokarev AVT-40 7.62x54R automatic rifle | Primary Caliber: 7.62x54mm R T-46M gzh | Melee: Antique axe
6/20/2025, 16:35:12 - | Helmet: Ushanka ear flap hat | Armour/Rig: 6B5-15 Zh-86 Uley armored rig (Flora)  
6/20/2025, 16:35:12 - [APBS Bot]----------------------------------------------Bot spawned from cache-----------------------------------------------------
6/20/2025, 16:35:12 - | Tier: 1 | Role: marksman | Nickname: Прокопий Рама | Level: 2 | Difficulty: easy
6/20/2025, 16:35:12 - | Primary: SVDS 7.62x54R sniper rifle | Primary Caliber: 7.62x54mm R T-46M gzh | Melee: ER FULCRUM BAYONET
6/20/2025, 16:35:12 - | Armour/Rig: 6B13 assault armor (EMR)  
6/20/2025, 16:35:12 - [APBS Bot]----------------------------------------------Bot spawned from cache-----------------------------------------------------
6/20/2025, 16:35:12 - | Tier: 1 | Role: marksman | Nickname: Офицерский Кассир | Level: 2 | Difficulty: easy | Grenades: 1
6/20/2025, 16:35:12 - | Primary: Molot Arms VPO-101 Vepr-Hunter 7.62x51 carbine | Primary Caliber: 7.62x51mm TCW SP | Melee: ER FULCRUM BAYONET
6/20/2025, 16:35:12 - | Helmet: USEC baseball cap (Black) | Armour/Rig: 6B23-1 body armor (EMR) | Plates: Back [4]
6/20/2025, 16:35:12 - [APBS Bot]----------------------------------------------Bot spawned from cache-----------------------------------------------------
6/20/2025, 16:35:12 - | Tier: 1 | Role: marksman | Nickname: Жека Кремень | Level: 3 | Difficulty: easy
6/20/2025, 16:35:12 - | Primary: TOZ Simonov SKS 7.62x39 carbine | Primary Caliber: 7.62x39mm SP | Melee: Bars A-2607 95Kh18 knife
6/20/2025, 16:35:12 - | Helmet: UX PRO beanie | Armour/Rig: 6B3TM-01 armored rig (Khaki)  
6/20/2025, 16:35:12 - [APBS Bot]----------------------------------------------Bot spawned from cache-----------------------------------------------------
6/20/2025, 16:35:12 - | Tier: 1 | Role: marksman | Nickname: Сашок Кукуруза | Level: 2 | Difficulty: easy
6/20/2025, 16:35:12 - | Primary: Molot Arms VPO-215 Gornostay .366 TKM bolt-action rifle | Primary Caliber: .366 TKM FMJ | Melee: ER FULCRUM BAYONET
6/20/2025, 16:35:12 - | Helmet: UX PRO beanie | Armour/Rig: 6B5-16 Zh-86 Uley armored rig (Khaki)  
6/20/2025, 16:35:12 - [APBS Bot]----------------------------------------------Bot spawned from cache-----------------------------------------------------
6/20/2025, 16:35:12 - | Tier: 1 | Role: marksman | Nickname: Никита Копирайтер | Level: 4 | Difficulty: easy
6/20/2025, 16:35:12 - | Primary: TOZ Simonov SKS 7.62x39 carbine | Primary Caliber: 7.62x39mm HP | Melee: ER FULCRUM BAYONET
6/20/2025, 16:35:12 - | Armour/Rig: 6B5-15 Zh-86 Uley armored rig (Flora)  
6/20/2025, 16:35:12 - [APBS Bot]----------------------------------------------Bot spawned from cache-----------------------------------------------------
6/20/2025, 16:35:12 - | Tier: 1 | Role: marksman | Nickname: Даня Горностай | Level: 3 | Difficulty: easy
6/20/2025, 16:35:12 - | Primary: ADAR 2-15 5.56x45 carbine | Primary Caliber: 5.56x45mm HP | Melee: Bars A-2607 Damascus knife
6/20/2025, 16:35:12 - | Helmet: UX PRO beanie | Armour/Rig: 6B5-15 Zh-86 Uley armored rig (Flora)  
6/20/2025, 16:35:12 - [APBS Bot]----------------------------------------------Bot spawned from cache-----------------------------------------------------
6/20/2025, 16:35:12 - | Tier: 1 | Role: marksman | Nickname: Никита Кальянщик | Level: 3 | Difficulty: easy | Grenades: 1
6/20/2025, 16:35:12 - | Primary: Mosin 7.62x54R bolt-action rifle (Infantry) | Primary Caliber: 7.62x54mm R FMJ | Melee: Freeman crowbar
6/20/2025, 16:35:12 - | Helmet: Tac-Kek FAST MT helmet (Replica) | Armour/Rig: DRD body armor  
6/20/2025, 16:35:12 - [APBS Bot]----------------------------------------------Bot spawned from cache-----------------------------------------------------
6/20/2025, 16:35:12 - | Tier: 1 | Role: marksman | Nickname: Гена Виртуоз | Level: 5 | Difficulty: easy | Grenades: 1
6/20/2025, 16:35:12 - | Primary: Tokarev SVT-40 7.62x54R rifle | Primary Caliber: 7.62x54mm R FMJ | Melee: Bars A-2607 Damascus knife
6/20/2025, 16:35:12 - | Ears: GSSh-01 active headset | Armour/Rig: 6B3TM-01 armored rig (Khaki)  
6/20/2025, 16:35:12 - [APBS Bot]----------------------------------------------Bot spawned from cache-----------------------------------------------------
6/20/2025, 16:35:12 - | Tier: 1 | Role: assault | Nickname: Руся Бигмак | Level: 6 | Difficulty: normal | GameVersion: edge_of_darkness
6/20/2025, 16:35:12 - | Primary: TOZ-106 20ga bolt-action shotgun | Primary Caliber: 20/70 7.5mm buckshot | Melee: Bars A-2607 Damascus knife
6/20/2025, 16:35:12 - | Helmet: Beret (Black) | Armour/Rig: 6B5-15 Zh-86 Uley armored rig (Flora)  
6/20/2025, 16:35:15 - [APBS Bot]----------------------------------------------Bot spawned from cache-----------------------------------------------------
6/20/2025, 16:35:15 - | Tier: 1 | Role: assault | Nickname: Эльдар Директор | Level: 4 | Difficulty: normal | Grenades: 2
6/20/2025, 16:35:15 - | Primary: MP-153 12ga semi-automatic shotgun | Primary Caliber: 12/70 Dual Sabot slug | Melee: 6Kh5 Bayonet
6/20/2025, 16:35:15 - | Armour/Rig: 6B5-16 Zh-86 Uley armored rig (Khaki)  
6/20/2025, 16:35:15 - [APBS Bot]----------------------------------------------Bot spawned from cache-----------------------------------------------------
6/20/2025, 16:35:15 - | Tier: 1 | Role: assault | Nickname: Аристарх Виолетта | Level: 1 | Difficulty: normal
6/20/2025, 16:35:15 - | Primary: Kalashnikov AKS-74UN 5.45x39 assault rifle | Primary Caliber: 5.45x39mm SP | Melee: ER FULCRUM BAYONET
6/20/2025, 16:35:15 - | Helmet: BEAR baseball cap (Black) | Ears: Peltor ComTac II headset (OD Green) | Armour/Rig: 6B3TM-01 armored rig (Khaki)  
6/20/2025, 16:35:15 - [APBS Bot]----------------------------------------------Bot spawned from cache-----------------------------------------------------
6/20/2025, 16:35:15 - | Tier: 1 | Role: assault | Nickname: Никанор Печенька | Level: 1 | Difficulty: normal
6/20/2025, 16:35:15 - | Primary: TOZ-106 20ga bolt-action shotgun | Primary Caliber: 20/70 Poleva-3 slug | Melee: 6Kh5 Bayonet
6/20/2025, 16:35:15 - | Helmet: UX PRO beanie | Armour/Rig: 6B3TM-01 armored rig (Khaki)  
